<?xml version="1.0" encoding="utf-8"?><testsuites name="pytest tests"><testsuite name="pytest" errors="0" failures="0" skipped="1" tests="20" time="28.365" timestamp="2026-04-19T18:32:21.429785+00:00" hostname="agent-env-d8a36fcf-55fc-44ea-9732-d4bf030fd9b6"><testcase classname="backend.tests.test_artifact" name="test_artifact_content_type_and_filename" time="0.181" /><testcase classname="backend.tests.test_artifact" name="test_artifact_body_schema" time="0.115" /><testcase classname="backend.tests.test_artifact" name="test_artifact_deterministic_with_fixed_timestamp" time="0.225" /><testcase classname="backend.tests.test_artifact" name="test_verify_valid_compliant" time="0.201" /><testcase classname="backend.tests.test_artifact" name="test_verify_valid_non_compliant" time="0.258" /><testcase classname="backend.tests.test_artifact" name="test_tamper_amount" time="0.236" /><testcase classname="backend.tests.test_artifact" name="test_tamper_transaction_id" time="0.222" /><testcase classname="backend.tests.test_artifact" name="test_tamper_compliance_kyc" time="0.210" /><testcase classname="backend.tests.test_artifact" name="test_tamper_future_timestamp" time="0.221" /><testcase classname="backend.tests.test_artifact" name="test_tamper_signature" time="0.215" /><testcase classname="backend.tests.test_artifact" name="test_tamper_unknown_kid" time="0.316" /><testcase classname="backend.tests.test_artifact" name="test_missing_signature" time="0.212" /><testcase classname="backend.tests.test_artifact" name="test_extra_field" time="0.231" /><testcase classname="backend.tests.test_artifact" name="test_unsupported_version" time="0.220" /><testcase classname="backend.tests.test_artifact" name="test_unsupported_algorithm" time="0.236" /><testcase classname="backend.tests.test_artifact" name="test_missing_required_field" time="0.232" /><testcase classname="backend.tests.test_artifact" name="test_invalid_compliance_enum" time="0.237" /><testcase classname="backend.tests.test_artifact" name="test_revoked_key_fails_verification" time="24.060"><skipped type="pytest.xfail" message="BUG: PublicKeyInfo.status Literal doesn't accept 'revoked'; backend 500s" /></testcase><testcase classname="backend.tests.test_artifact" name="test_retired_key_still_verifies" time="0.252" /><testcase classname="backend.tests.test_artifact" name="test_existing_demo_issue_still_works" time="0.209" /></testsuite></testsuites>