<?xml version="1.0" encoding="utf-8"?><testsuites name="pytest tests"><testsuite name="pytest" errors="0" failures="0" skipped="0" tests="9" time="3.553" timestamp="2026-06-18T14:11:34.257205+00:00" hostname="agent-env-9cf673a3-18c1-42b9-b982-05c8ac5f0f63"><testcase classname="backend.tests.test_crypto_review_e2e" name="test_backward_compat_default_ed25519" time="0.511" /><testcase classname="backend.tests.test_crypto_review_e2e" name="test_crypto_agility_es_suites[ES256]" time="0.439" /><testcase classname="backend.tests.test_crypto_review_e2e" name="test_crypto_agility_es_suites[ES256K]" time="0.390" /><testcase classname="backend.tests.test_crypto_review_e2e" name="test_unknown_suite_rejected" time="0.099" /><testcase classname="backend.tests.test_crypto_review_e2e" name="test_demo_issue_verify_unchanged" time="0.230" /><testcase classname="backend.tests.test_crypto_review_e2e" name="test_demo_artifact_unchanged" time="0.216" /><testcase classname="backend.tests.test_crypto_review_e2e" name="test_federated_key_register_confirm" time="0.777" /><testcase classname="backend.tests.test_crypto_review_e2e" name="test_byos_sandbox_signer" time="0.711" /><testcase classname="backend.tests.test_crypto_review_e2e" name="test_developer_signing_block" time="0.106" /></testsuite></testsuites>