<?xml version="1.0" encoding="utf-8"?><testsuites name="pytest tests"><testsuite name="pytest" errors="0" failures="0" skipped="0" tests="16" time="1.196" timestamp="2026-04-19T17:55:08.322457+00:00" hostname="agent-env-d8a36fcf-55fc-44ea-9732-d4bf030fd9b6"><testcase classname="backend.tests.test_demo_issue_verify.TestDemoIssue" name="test_issue_compliant_returns_valid_proof" time="0.207" /><testcase classname="backend.tests.test_demo_issue_verify.TestDemoIssue" name="test_issue_non_compliant_produces_different_hash" time="0.098" /><testcase classname="backend.tests.test_demo_issue_verify.TestDemoIssue" name="test_issue_is_idempotent" time="0.093" /><testcase classname="backend.tests.test_demo_issue_verify.TestDemoIssue" name="test_issue_rejects_invalid_compliance_enum[bad0]" time="0.045" /><testcase classname="backend.tests.test_demo_issue_verify.TestDemoIssue" name="test_issue_rejects_invalid_compliance_enum[bad1]" time="0.044" /><testcase classname="backend.tests.test_demo_issue_verify.TestDemoIssue" name="test_issue_rejects_invalid_compliance_enum[bad2]" time="0.045" /><testcase classname="backend.tests.test_demo_issue_verify.TestDemoIssue" name="test_issue_rejects_invalid_compliance_enum[bad3]" time="0.049" /><testcase classname="backend.tests.test_demo_issue_verify.TestDemoVerify" name="test_verify_compliant_proof" time="0.093" /><testcase classname="backend.tests.test_demo_issue_verify.TestDemoVerify" name="test_verify_non_compliant_proof" time="0.092" /><testcase classname="backend.tests.test_demo_issue_verify.TestDemoVerify" name="test_verify_unknown_hex_returns_not_found" time="0.046" /><testcase classname="backend.tests.test_demo_issue_verify.TestDemoVerify" name="test_verify_malformed_proof_id[not-hex]" time="0.050" /><testcase classname="backend.tests.test_demo_issue_verify.TestDemoVerify" name="test_verify_malformed_proof_id[abc]" time="0.044" /><testcase classname="backend.tests.test_demo_issue_verify.TestDemoVerify" name="test_verify_malformed_proof_id[gggggggggggggggggggggggggggggggggggggggggggggggggggggggggggggggg]" time="0.048" /><testcase classname="backend.tests.test_demo_issue_verify.TestDemoVerify" name="test_verify_malformed_proof_id[aaaaaaaaaaaaaaaaaaaaaaaaaaaaaaaaaaaaaaaaaaaaaaaaaaaaaaaaaaaaaaa]" time="0.047" /><testcase classname="backend.tests.test_demo_issue_verify.TestDemoVerify" name="test_verify_malformed_proof_id[aaaaaaaaaaaaaaaaaaaaaaaaaaaaaaaaaaaaaaaaaaaaaaaaaaaaaaaaaaaaaaaaa]" time="0.045" /><testcase classname="backend.tests.test_demo_issue_verify.TestDemoProofStillWorks" name="test_stateless_proof_endpoint_unchanged" time="0.044" /></testsuite></testsuites>