<?xml version="1.0" encoding="utf-8"?><testsuites name="pytest tests"><testsuite name="pytest" errors="0" failures="0" skipped="0" tests="12" time="2.020" timestamp="2026-04-19T09:40:48.329050+00:00" hostname="agent-env-d8a36fcf-55fc-44ea-9732-d4bf030fd9b6"><testcase classname="backend.tests.test_demo_proof.TestDemoProofBasic" name="test_happy_path_returns_proof" time="0.230" /><testcase classname="backend.tests.test_demo_proof.TestDemoProofBasic" name="test_determinism_same_input_same_hash" time="0.186" /><testcase classname="backend.tests.test_demo_proof.TestDemoProofNormalization" name="test_user_id_casing_and_whitespace" time="0.150" /><testcase classname="backend.tests.test_demo_proof.TestDemoProofNormalization" name="test_amount_formats_equivalent" time="0.236" /><testcase classname="backend.tests.test_demo_proof.TestDemoProofNormalization" name="test_transaction_id_whitespace_trim" time="0.200" /><testcase classname="backend.tests.test_demo_proof.TestDemoProofNormalization" name="test_timestamp_iso_normalized" time="0.101" /><testcase classname="backend.tests.test_demo_proof.TestDemoProofDifferentiation" name="test_different_amount_produces_different_hash" time="0.182" /><testcase classname="backend.tests.test_demo_proof.TestDemoProofDifferentiation" name="test_different_user_id_produces_different_hash" time="0.142" /><testcase classname="backend.tests.test_demo_proof.TestDemoProofValidation" name="test_invalid_amount_returns_400" time="0.107" /><testcase classname="backend.tests.test_demo_proof.TestDemoProofValidation" name="test_empty_amount_returns_400" time="0.104" /><testcase classname="backend.tests.test_demo_proof.TestDemoProofValidation" name="test_invalid_timestamp_returns_400" time="0.105" /><testcase classname="backend.tests.test_demo_proof.TestDemoProofValidation" name="test_missing_required_field_returns_422" time="0.093" /></testsuite></testsuites>