<?xml version="1.0" encoding="utf-8"?><testsuites name="pytest tests"><testsuite name="pytest" errors="0" failures="0" skipped="0" tests="30" time="11.273" timestamp="2026-06-10T16:18:58.545936+00:00" hostname="agent-env-bfe1822a-8ba7-4e87-8fcf-fbd4eb80fa1f"><testcase classname="backend.tests.test_enterprise_api.TestPlatformEndpoints" name="test_config_dev_includes_test_key" time="0.233" /><testcase classname="backend.tests.test_enterprise_api.TestPlatformEndpoints" name="test_health_deep_checks_all_true" time="0.117" /><testcase classname="backend.tests.test_enterprise_api.TestPlatformEndpoints" name="test_metrics_prometheus_exposition" time="0.112" /><testcase classname="backend.tests.test_enterprise_api.TestAuth" name="test_login_success" time="0.357" /><testcase classname="backend.tests.test_enterprise_api.TestAuth" name="test_login_wrong_password" time="0.328" /><testcase classname="backend.tests.test_enterprise_api.TestAuth" name="test_me_with_token" time="0.532" /><testcase classname="backend.tests.test_enterprise_api.TestAuth" name="test_admin_endpoint_requires_token" time="0.116" /><testcase classname="backend.tests.test_enterprise_api.TestAdminApiKeys" name="test_create_list_revoke_api_key" time="0.411" /><testcase classname="backend.tests.test_enterprise_api.TestAdminSigningKeysAndAudit" name="test_rotate_and_audit_chain" time="0.409" /><testcase classname="backend.tests.test_enterprise_api.TestFEAGenerateV11" name="test_generate_v11_payload" time="0.432" /><testcase classname="backend.tests.test_enterprise_api.TestFEAGenerateV11" name="test_generate_missing_key" time="0.155" /><testcase classname="backend.tests.test_enterprise_api.TestFEAGenerateV11" name="test_idempotency_same_returns_same" time="0.788" /><testcase classname="backend.tests.test_enterprise_api.TestFEAGenerateV11" name="test_idempotency_conflict_409" time="0.368" /><testcase classname="backend.tests.test_enterprise_api.TestFEAGenerateV11" name="test_replay_same_payload_returns_existing" time="0.783" /><testcase classname="backend.tests.test_enterprise_api.TestFEAGenerateV11" name="test_replay_attack_conflict_409" time="0.386" /><testcase classname="backend.tests.test_enterprise_api.TestFEAVerify" name="test_verify_valid" time="0.376" /><testcase classname="backend.tests.test_enterprise_api.TestFEAVerify" name="test_verify_tampered_invalid" time="0.435" /><testcase classname="backend.tests.test_enterprise_api.TestFEAVerify" name="test_verify_legacy_v1_rejected" time="0.725" /><testcase classname="backend.tests.test_enterprise_api.TestFEAListFetchBatch" name="test_list_paginated" time="0.384" /><testcase classname="backend.tests.test_enterprise_api.TestFEAListFetchBatch" name="test_get_by_id" time="0.402" /><testcase classname="backend.tests.test_enterprise_api.TestFEAListFetchBatch" name="test_get_by_id_not_found" time="1.146" /><testcase classname="backend.tests.test_enterprise_api.TestFEAListFetchBatch" name="test_batch_two_items_succeed" time="0.118" /><testcase classname="backend.tests.test_enterprise_api.TestFEAListFetchBatch" name="test_batch_partial_failure_does_not_abort" time="0.124" /><testcase classname="backend.tests.test_enterprise_api.TestPublic" name="test_public_verify" time="0.433" /><testcase classname="backend.tests.test_enterprise_api.TestPublic" name="test_public_keys" time="0.118" /><testcase classname="backend.tests.test_enterprise_api.TestWebhooks" name="test_webhook_lifecycle" time="0.578" /><testcase classname="backend.tests.test_enterprise_api.TestDemo" name="test_demo_issue_verify" time="0.221" /><testcase classname="backend.tests.test_enterprise_api.TestDemo" name="test_demo_artifact_kid_prefix_and_verify" time="0.261" /><testcase classname="backend.tests.test_enterprise_api.TestSecurity" name="test_oversized_body_returns_413" time="0.208" /><testcase classname="backend.tests.test_enterprise_api.TestSecurity" name="test_security_headers_present" time="0.111" /></testsuite></testsuites>