<?xml version="1.0" encoding="utf-8"?><testsuites name="pytest tests"><testsuite name="pytest" errors="0" failures="0" skipped="0" tests="19" time="3.765" timestamp="2026-03-25T04:19:04.159209+00:00" hostname="agent-env-ca3dd063-7aa2-4e99-942a-9c33879bd05c"><testcase classname="tests.test_pfp_api.TestSetup" name="test_health_check" time="0.244" /><testcase classname="tests.test_pfp_api.TestSetup" name="test_config_endpoint" time="0.134" /><testcase classname="tests.test_pfp_api.TestFEAGeneration" name="test_generate_fea_success" time="0.222" /><testcase classname="tests.test_pfp_api.TestFEAGeneration" name="test_generate_fea_missing_api_key" time="0.098" /><testcase classname="tests.test_pfp_api.TestFEAGeneration" name="test_generate_fea_missing_required_fields" time="0.146" /><testcase classname="tests.test_pfp_api.TestIdempotency" name="test_idempotency_same_payload_returns_same_fea" time="0.308" /><testcase classname="tests.test_pfp_api.TestIdempotency" name="test_idempotency_conflict_different_payload" time="0.242" /><testcase classname="tests.test_pfp_api.TestReplayProtection" name="test_replay_same_payload_returns_existing_fea" time="0.327" /><testcase classname="tests.test_pfp_api.TestReplayProtection" name="test_replay_attack_different_payload_returns_409" time="0.212" /><testcase classname="tests.test_pfp_api.TestKeyRegistry" name="test_get_all_keys" time="0.120" /><testcase classname="tests.test_pfp_api.TestKeyRegistry" name="test_key_registry_persistence" time="0.197" /><testcase classname="tests.test_pfp_api.TestPublicVerification" name="test_public_verify_existing_fea" time="0.294" /><testcase classname="tests.test_pfp_api.TestPublicVerification" name="test_public_verify_nonexistent_fea" time="0.104" /><testcase classname="tests.test_pfp_api.TestAPIVerification" name="test_api_verify_valid_signature" time="0.340" /><testcase classname="tests.test_pfp_api.TestAPIVerification" name="test_api_verify_invalid_signature" time="0.118" /><testcase classname="tests.test_pfp_api.TestAPIVerification" name="test_api_verify_requires_api_key" time="0.115" /><testcase classname="tests.test_pfp_api.TestEdgeCases" name="test_generate_fea_empty_idempotency_key" time="0.221" /><testcase classname="tests.test_pfp_api.TestEdgeCases" name="test_generate_fea_invalid_currency" time="0.107" /><testcase classname="tests.test_pfp_api.TestEdgeCases" name="test_generate_fea_negative_amount" time="0.098" /></testsuite></testsuites>