<?xml version="1.0" encoding="utf-8"?><testsuites name="pytest tests"><testsuite name="pytest" errors="0" failures="0" skipped="0" tests="26" time="42.789" timestamp="2026-06-10T16:19:14.123106+00:00" hostname="agent-env-bfe1822a-8ba7-4e87-8fcf-fbd4eb80fa1f"><testcase classname="backend.tests.test_pfp_api.TestSetup" name="test_health_check" time="0.149" /><testcase classname="backend.tests.test_pfp_api.TestSetup" name="test_config_endpoint" time="0.107" /><testcase classname="backend.tests.test_pfp_api.TestFEAGeneration" name="test_generate_fea_success" time="0.442" /><testcase classname="backend.tests.test_pfp_api.TestFEAGeneration" name="test_generate_fea_missing_api_key" time="0.123" /><testcase classname="backend.tests.test_pfp_api.TestFEAGeneration" name="test_generate_fea_missing_required_fields" time="0.350" /><testcase classname="backend.tests.test_pfp_api.TestIdempotency" name="test_idempotency_same_payload_returns_same_fea" time="0.621" /><testcase classname="backend.tests.test_pfp_api.TestIdempotency" name="test_idempotency_conflict_different_payload" time="0.377" /><testcase classname="backend.tests.test_pfp_api.TestReplayProtection" name="test_replay_same_payload_returns_existing_fea" time="0.638" /><testcase classname="backend.tests.test_pfp_api.TestReplayProtection" name="test_replay_attack_different_payload_returns_409" time="1.383" /><testcase classname="backend.tests.test_pfp_api.TestKeyRegistry" name="test_get_all_keys" time="0.137" /><testcase classname="backend.tests.test_pfp_api.TestKeyRegistry" name="test_key_registry_persistence" time="0.272" /><testcase classname="backend.tests.test_pfp_api.TestPublicVerification" name="test_public_verify_existing_fea" time="0.520" /><testcase classname="backend.tests.test_pfp_api.TestPublicVerification" name="test_public_verify_nonexistent_fea" time="0.131" /><testcase classname="backend.tests.test_pfp_api.TestAPIVerification" name="test_api_verify_valid_signature" time="0.521" /><testcase classname="backend.tests.test_pfp_api.TestAPIVerification" name="test_api_verify_invalid_signature" time="36.256" /><testcase classname="backend.tests.test_pfp_api.TestAPIVerification" name="test_api_verify_requires_api_key" time="0.168" /><testcase classname="backend.tests.test_pfp_api.TestEdgeCases" name="test_generate_fea_empty_idempotency_key" time="0.224" /><testcase classname="backend.tests.test_pfp_api.TestEdgeCases" name="test_generate_fea_invalid_currency" time="0.110" /><testcase classname="backend.tests.test_pfp_api.TestEdgeCases" name="test_generate_fea_negative_amount" time="0.106" /><testcase classname="backend.tests.test_crypto_unit" name="test_canonicalization_determinism" time="0.000" /><testcase classname="backend.tests.test_crypto_unit" name="test_canonicalization_drops_nulls_and_collapses_floats" time="0.000" /><testcase classname="backend.tests.test_crypto_unit" name="test_sdk_canonicalization_parity" time="0.000" /><testcase classname="backend.tests.test_crypto_unit" name="test_kms_separate_demo_key" time="0.001" /><testcase classname="backend.tests.test_crypto_unit" name="test_fea_sign_verify_roundtrip_and_sdk_verify" time="0.001" /><testcase classname="backend.tests.test_crypto_unit" name="test_tampered_payload_fails_sdk_verify" time="0.000" /><testcase classname="backend.tests.test_crypto_unit" name="test_domain_prefix_constant" time="0.000" /></testsuite></testsuites>